<?xml version="1.0" encoding="UTF-8"?>
<!-- Generated by org.testng.reporters.JUnitReportReporter -->
<testsuite hostname="Pragati" failures="0" tests="2" name="Org.CreateOrgTest" time="0.010" errors="0" timestamp="2025-03-06T10:53:41 IST" skipped="0">
  <testcase classname="Org.CreateOrgTest" name="createOrgWithDateTest" time="0.001"/>
  <testcase classname="Org.CreateOrgTest" name="createOrgTest" time="0.009"/>
</testsuite> <!-- Org.CreateOrgTest -->
