<?xml version="1.0" encoding="UTF-8"?>
<!-- Generated by org.testng.reporters.JUnitReportReporter -->
<testsuite hostname="Pragati" failures="0" tests="2" name="Contact.CreateContactTest" time="0.002" errors="0" timestamp="2025-03-06T10:53:41 IST" skipped="0">
  <testcase classname="Contact.CreateContactTest" name="createContactTest" time="0.001"/>
  <testcase classname="Contact.CreateContactTest" name="createContactWithOrgTest" time="0.001"/>
</testsuite> <!-- Contact.CreateContactTest -->
